C51 COMPILER V9.60.0.0   DHT22                                                             09/17/2023 15:13:53 PAGE 1   


C51 COMPILER V9.60.0.0, COMPILATION OF MODULE DHT22
OBJECT MODULE PLACED IN .\Objects\dht22.obj
COMPILER INVOKED BY: C:\Keil_v5\C51\BIN\C51.EXE dht22.c OPTIMIZE(8,SPEED) BROWSE DEBUG OBJECTEXTEND PRINT(.\Listings\dht
                    -22.lst) OBJECT(.\Objects\dht22.obj)

line level    source

   1          #include <dht22.h>
   2          #include <intrins.h>
   3          
   4          sbit DHT_PIN = P3^7;
   5          
   6          static  unsigned char  DHT_Data[5], CheckSum = 0;
   7          
   8          void delay_30us(void){
   9   1              _nop_();        _nop_();        _nop_();        _nop_();        _nop_();        _nop_();         
  10   1              _nop_();        _nop_();        _nop_();        _nop_();        _nop_();        _nop_();         
  11   1              _nop_();        _nop_();        _nop_();        _nop_();        _nop_();        _nop_();         
  12   1              _nop_();        _nop_();        _nop_();        _nop_();        _nop_();        _nop_();         
  13   1      //      _nop_();        _nop_();        _nop_();        _nop_();        _nop_();        _nop_();         // thoi gian goi ham delay lau hon nen bo dong n
             -ay
  14   1      }
  15          
  16           static void Request(void){
  17   1              DHT_PIN = 0;                            
  18   1              delay_ms(20);
  19   1              DHT_PIN = 1;                            
  20   1      }
  21          
  22          static  void Response(){
  23   1              while(DHT_PIN);
  24   1              while(!(DHT_PIN));
  25   1              while(DHT_PIN);
  26   1      }
  27          
  28          bit  DHT22_Read(void)   {
  29   1              char i, j;
  30   1              Request();
  31   1              Response();
  32   1              for(i = 0; i < 5; i++){
  33   2                      DHT_Data[i] = 0;
  34   2                      for (j = 0; j < 8; j++){
  35   3                              while(!(DHT_PIN));              
  36   3                              delay_30us();
  37   3                              if(DHT_PIN)
  38   3                                      DHT_Data[i] = (DHT_Data[i] << 1) | 0x01;
  39   3                              else
  40   3                                      DHT_Data[i] = DHT_Data[i] << 1;
  41   3                              while(DHT_PIN);
  42   3                      }
  43   2              }
  44   1              // Kiem tra lai ket qua xem co dung khong
  45   1              CheckSum = DHT_Data[0] + DHT_Data[1] + DHT_Data[2] + DHT_Data[3];
  46   1              
  47   1              // Neu sai tra ve 0, dung tra ve 1
  48   1              if(CheckSum != DHT_Data[4])     return 0;
  49   1              else                                                                            return 1;
  50   1      }
  51          
  52          float DHT22_Humidity(void){
  53   1              int Temp;
C51 COMPILER V9.60.0.0   DHT22                                                             09/17/2023 15:13:53 PAGE 2   

  54   1              Temp = (DHT_Data[0] << 8) | DHT_Data[1];
  55   1              
  56   1              return (float)(Temp / 10.0);
  57   1      }
  58          
  59          float DHT22_Temperature(void){
  60   1              int Temp;
  61   1              Temp = (DHT_Data[2] << 8) | DHT_Data[3];
  62   1              if((DHT_Data[2] & 0x80) == 0){
  63   2                      return (float)(Temp / 10.0);
  64   2              } else {
  65   2                      Temp = Temp & 0x7FFF;
  66   2                      return (float)(Temp / -10.0);
  67   2              }
  68   1      }


MODULE INFORMATION:   STATIC OVERLAYABLE
   CODE SIZE        =    234    ----
   CONSTANT SIZE    =   ----    ----
   XDATA SIZE       =   ----    ----
   PDATA SIZE       =   ----    ----
   DATA SIZE        =      6       2
   IDATA SIZE       =   ----    ----
   BIT SIZE         =   ----    ----
END OF MODULE INFORMATION.


C51 COMPILATION COMPLETE.  0 WARNING(S),  0 ERROR(S)
