C51 COMPILER V9.60.0.0   DS1307                                                            02/05/2023 15:13:27 PAGE 1   


C51 COMPILER V9.60.0.0, COMPILATION OF MODULE DS1307
OBJECT MODULE PLACED IN .\Objects\ds1307.obj
COMPILER INVOKED BY: C:\Keil_v5\C51\BIN\C51.EXE ds1307.c OPTIMIZE(8,SPEED) BROWSE DEBUG OBJECTEXTEND PRINT(.\Listings\ds
                    -1307.lst) OBJECT(.\Objects\ds1307.obj)

line level    source

   1          #include <ds1307.h>
   2          #include <regx51.h>
   3          #include <i2c.h>
   4          
   5          extern char  Second, Minute, Hour, Day, Date, Month, Year;
   6          
   7          
   8          //*****************Ham doc gia tri cho IC DS1307*******************************//
   9          unsigned char DS1307_Read(unsigned char address){
  10   1              unsigned char  Temp, Result;
  11   1              I2C_Start();
  12   1              I2C_Write(0xD0);          // ghi dia chi cua chip DS1307
  13   1              I2C_Write(address);      //  dia chi bat dau cua thanh ghi trong DS1307
  14   1              I2C_Start();
  15   1              I2C_Write(0xD1);
  16   1              Result = I2C_Read(0);
  17   1              I2C_Stop();
  18   1                                                              /* BCD to Hex */
  19   1              Temp = Result;
  20   1              Result = (((Result / 16)*10) + (Temp & 0x0F)); 
  21   1              
  22   1              return Result;
  23   1      }
  24          
  25          void DS1307_Read_Time(){     
  26   1              Second = DS1307_Read(0x00);    
  27   1              Minute = DS1307_Read(0x01);
  28   1              Hour   =  DS1307_Read(0x02);     
  29   1              Day    =   DS1307_Read(0x03);
  30   1              Date   =   DS1307_Read(0x04);
  31   1              Month  = DS1307_Read(0x05);
  32   1              Year   =   DS1307_Read(0x06);
  33   1              
  34   1      }
  35          
  36          /*****************Ham ghi gia tri cho IC DS1307*******************************/
  37          void DS1307_Write(unsigned char address, unsigned char Data){
  38   1              unsigned char temp;
  39   1              // HEX to BCD //
  40   1              temp = Data;
  41   1              Data = (((Data/10)*16)| (temp % 10));
  42   1              I2C_Start();
  43   1              I2C_Write(0xD0);          // ghi dia chi cua chip DS1307
  44   1              I2C_Write(address);      //  dia chi bat dau cua thanh ghi trong DS1307
  45   1              I2C_Write(Data);         //  ghi gia tri vao dia chi cua thanh ghi trong DS1307
  46   1              I2C_Stop();
  47   1      }
  48          
  49          void DS1307_Write_Time(){
  50   1      
  51   1              DS1307_Write(0x00,Second);
  52   1              DS1307_Write(0x01,Minute);
  53   1              DS1307_Write(0x02,Hour);
  54   1              DS1307_Write(0x03,Day);
C51 COMPILER V9.60.0.0   DS1307                                                            02/05/2023 15:13:27 PAGE 2   

  55   1              DS1307_Write(0x04,Date);
  56   1              DS1307_Write(0x05,Month);
  57   1              DS1307_Write(0x06,Year);
  58   1      }
  59          void DS1307_Init(){
  60   1              unsigned char temp;
  61   1              temp = DS1307_Read(0x00);
  62   1              temp &= 0x7F;
  63   1              DS1307_Write(0x00,temp);
  64   1      }
  65          
  66          void DS1307_SQW(char mode){
  67   1              DS1307_Write(0x07,mode);
  68   1      }
  69          
  70                  


MODULE INFORMATION:   STATIC OVERLAYABLE
   CODE SIZE        =    219    ----
   CONSTANT SIZE    =   ----    ----
   XDATA SIZE       =   ----    ----
   PDATA SIZE       =   ----    ----
   DATA SIZE        =   ----       4
   IDATA SIZE       =   ----    ----
   BIT SIZE         =   ----    ----
END OF MODULE INFORMATION.


C51 COMPILATION COMPLETE.  0 WARNING(S),  0 ERROR(S)
